<?xml version="1.0" encoding="UTF-8"?>
<testsuite xmlns:xsi="http://www.w3.org/2001/XMLSchema-instance" xsi:noNamespaceSchemaLocation="https://maven.apache.org/surefire/maven-surefire-plugin/xsd/surefire-test-report.xsd" version="3.0.2" name="com.example.protech_sso.ProtechSsoApplicationTests" time="3.653" tests="1" errors="0" skipped="0" failures="0">
  <properties>
    <property name="java.specification.version" value="21"/>
    <property name="sun.jnu.encoding" value="UTF-8"/>
    <property name="java.class.path" value="/Users/vaibhavsavaliya/Documents/Projects/Spring-Test/protech-sso/target/test-classes:/Users/vaibhavsavaliya/Documents/Projects/Spring-Test/protech-sso/target/classes:/Users/vaibhavsavaliya/.m2/repository/org/springframework/boot/spring-boot-starter-web-services/3.5.3/spring-boot-starter-web-services-3.5.3.jar:/Users/vaibhavsavaliya/.m2/repository/com/sun/xml/messaging/saaj/saaj-impl/3.0.4/saaj-impl-3.0.4.jar:/Users/vaibhavsavaliya/.m2/repository/jakarta/xml/soap/jakarta.xml.soap-api/3.0.2/jakarta.xml.soap-api-3.0.2.jar:/Users/vaibhavsavaliya/.m2/repository/org/jvnet/staxex/stax-ex/2.1.0/stax-ex-2.1.0.jar:/Users/vaibhavsavaliya/.m2/repository/jakarta/activation/jakarta.activation-api/2.1.3/jakarta.activation-api-2.1.3.jar:/Users/vaibhavsavaliya/.m2/repository/org/eclipse/angus/angus-activation/2.0.2/angus-activation-2.0.2.jar:/Users/vaibhavsavaliya/.m2/repository/jakarta/xml/ws/jakarta.xml.ws-api/4.0.2/jakarta.xml.ws-api-4.0.2.jar:/Users/vaibhavsavaliya/.m2/repository/org/springframework/spring-oxm/6.2.8/spring-oxm-6.2.8.jar:/Users/vaibhavsavaliya/.m2/repository/org/springframework/spring-beans/6.2.8/spring-beans-6.2.8.jar:/Users/vaibhavsavaliya/.m2/repository/org/springframework/ws/spring-ws-core/4.1.0/spring-ws-core-4.1.0.jar:/Users/vaibhavsavaliya/.m2/repository/org/springframework/ws/spring-xml/4.1.0/spring-xml-4.1.0.jar:/Users/vaibhavsavaliya/.m2/repository/org/glassfish/jaxb/jaxb-runtime/4.0.5/jaxb-runtime-4.0.5.jar:/Users/vaibhavsavaliya/.m2/repository/org/glassfish/jaxb/jaxb-core/4.0.5/jaxb-core-4.0.5.jar:/Users/vaibhavsavaliya/.m2/repository/org/glassfish/jaxb/txw2/4.0.5/txw2-4.0.5.jar:/Users/vaibhavsavaliya/.m2/repository/com/sun/istack/istack-commons-runtime/4.1.2/istack-commons-runtime-4.1.2.jar:/Users/vaibhavsavaliya/.m2/repository/org/springframework/boot/spring-boot-starter-security/3.5.3/spring-boot-starter-security-3.5.3.jar:/Users/vaibhavsavaliya/.m2/repository/org/springframework/boot/spring-boot-starter/3.5.3/spring-boot-starter-3.5.3.jar:/Users/vaibhavsavaliya/.m2/repository/org/springframework/boot/spring-boot/3.5.3/spring-boot-3.5.3.jar:/Users/vaibhavsavaliya/.m2/repository/org/springframework/boot/spring-boot-autoconfigure/3.5.3/spring-boot-autoconfigure-3.5.3.jar:/Users/vaibhavsavaliya/.m2/repository/org/springframework/boot/spring-boot-starter-logging/3.5.3/spring-boot-starter-logging-3.5.3.jar:/Users/vaibhavsavaliya/.m2/repository/ch/qos/logback/logback-classic/1.5.18/logback-classic-1.5.18.jar:/Users/vaibhavsavaliya/.m2/repository/ch/qos/logback/logback-core/1.5.18/logback-core-1.5.18.jar:/Users/vaibhavsavaliya/.m2/repository/org/apache/logging/log4j/log4j-to-slf4j/2.24.3/log4j-to-slf4j-2.24.3.jar:/Users/vaibhavsavaliya/.m2/repository/org/apache/logging/log4j/log4j-api/2.24.3/log4j-api-2.24.3.jar:/Users/vaibhavsavaliya/.m2/repository/org/slf4j/jul-to-slf4j/2.0.17/jul-to-slf4j-2.0.17.jar:/Users/vaibhavsavaliya/.m2/repository/jakarta/annotation/jakarta.annotation-api/2.1.1/jakarta.annotation-api-2.1.1.jar:/Users/vaibhavsavaliya/.m2/repository/org/yaml/snakeyaml/2.4/snakeyaml-2.4.jar:/Users/vaibhavsavaliya/.m2/repository/org/springframework/spring-aop/6.2.8/spring-aop-6.2.8.jar:/Users/vaibhavsavaliya/.m2/repository/org/springframework/security/spring-security-config/6.5.1/spring-security-config-6.5.1.jar:/Users/vaibhavsavaliya/.m2/repository/org/springframework/spring-context/6.2.8/spring-context-6.2.8.jar:/Users/vaibhavsavaliya/.m2/repository/org/springframework/security/spring-security-web/6.5.1/spring-security-web-6.5.1.jar:/Users/vaibhavsavaliya/.m2/repository/org/springframework/spring-expression/6.2.8/spring-expression-6.2.8.jar:/Users/vaibhavsavaliya/.m2/repository/org/springframework/boot/spring-boot-starter-web/3.5.3/spring-boot-starter-web-3.5.3.jar:/Users/vaibhavsavaliya/.m2/repository/org/springframework/boot/spring-boot-starter-json/3.5.3/spring-boot-starter-json-3.5.3.jar:/Users/vaibhavsavaliya/.m2/repository/com/fasterxml/jackson/core/jackson-databind/2.19.1/jackson-databind-2.19.1.jar:/Users/vaibhavsavaliya/.m2/repository/com/fasterxml/jackson/core/jackson-annotations/2.19.1/jackson-annotations-2.19.1.jar:/Users/vaibhavsavaliya/.m2/repository/com/fasterxml/jackson/core/jackson-core/2.19.1/jackson-core-2.19.1.jar:/Users/vaibhavsavaliya/.m2/repository/com/fasterxml/jackson/datatype/jackson-datatype-jdk8/2.19.1/jackson-datatype-jdk8-2.19.1.jar:/Users/vaibhavsavaliya/.m2/repository/com/fasterxml/jackson/datatype/jackson-datatype-jsr310/2.19.1/jackson-datatype-jsr310-2.19.1.jar:/Users/vaibhavsavaliya/.m2/repository/com/fasterxml/jackson/module/jackson-module-parameter-names/2.19.1/jackson-module-parameter-names-2.19.1.jar:/Users/vaibhavsavaliya/.m2/repository/org/springframework/boot/spring-boot-starter-tomcat/3.5.3/spring-boot-starter-tomcat-3.5.3.jar:/Users/vaibhavsavaliya/.m2/repository/org/apache/tomcat/embed/tomcat-embed-core/10.1.42/tomcat-embed-core-10.1.42.jar:/Users/vaibhavsavaliya/.m2/repository/org/apache/tomcat/embed/tomcat-embed-el/10.1.42/tomcat-embed-el-10.1.42.jar:/Users/vaibhavsavaliya/.m2/repository/org/apache/tomcat/embed/tomcat-embed-websocket/10.1.42/tomcat-embed-websocket-10.1.42.jar:/Users/vaibhavsavaliya/.m2/repository/org/springframework/spring-web/6.2.8/spring-web-6.2.8.jar:/Users/vaibhavsavaliya/.m2/repository/io/micrometer/micrometer-observation/1.15.1/micrometer-observation-1.15.1.jar:/Users/vaibhavsavaliya/.m2/repository/io/micrometer/micrometer-commons/1.15.1/micrometer-commons-1.15.1.jar:/Users/vaibhavsavaliya/.m2/repository/org/springframework/spring-webmvc/6.2.8/spring-webmvc-6.2.8.jar:/Users/vaibhavsavaliya/.m2/repository/org/springframework/security/spring-security-saml2-service-provider/6.5.1/spring-security-saml2-service-provider-6.5.1.jar:/Users/vaibhavsavaliya/.m2/repository/org/opensaml/opensaml-saml-api/4.3.2/opensaml-saml-api-4.3.2.jar:/Users/vaibhavsavaliya/.m2/repository/org/opensaml/opensaml-core/4.3.2/opensaml-core-4.3.2.jar:/Users/vaibhavsavaliya/.m2/repository/org/opensaml/opensaml-messaging-api/4.3.2/opensaml-messaging-api-4.3.2.jar:/Users/vaibhavsavaliya/.m2/repository/org/opensaml/opensaml-profile-api/4.3.2/opensaml-profile-api-4.3.2.jar:/Users/vaibhavsavaliya/.m2/repository/org/opensaml/opensaml-security-api/4.3.2/opensaml-security-api-4.3.2.jar:/Users/vaibhavsavaliya/.m2/repository/org/cryptacular/cryptacular/1.2.5/cryptacular-1.2.5.jar:/Users/vaibhavsavaliya/.m2/repository/org/bouncycastle/bcprov-jdk18on/1.72/bcprov-jdk18on-1.72.jar:/Users/vaibhavsavaliya/.m2/repository/org/bouncycastle/bcpkix-jdk18on/1.72/bcpkix-jdk18on-1.72.jar:/Users/vaibhavsavaliya/.m2/repository/org/bouncycastle/bcutil-jdk18on/1.72/bcutil-jdk18on-1.72.jar:/Users/vaibhavsavaliya/.m2/repository/org/opensaml/opensaml-soap-api/4.3.2/opensaml-soap-api-4.3.2.jar:/Users/vaibhavsavaliya/.m2/repository/org/opensaml/opensaml-xmlsec-api/4.3.2/opensaml-xmlsec-api-4.3.2.jar:/Users/vaibhavsavaliya/.m2/repository/commons-codec/commons-codec/1.18.0/commons-codec-1.18.0.jar:/Users/vaibhavsavaliya/.m2/repository/com/google/code/findbugs/jsr305/3.0.2/jsr305-3.0.2.jar:/Users/vaibhavsavaliya/.m2/repository/com/google/guava/guava/31.1-jre/guava-31.1-jre.jar:/Users/vaibhavsavaliya/.m2/repository/com/google/guava/failureaccess/1.0.1/failureaccess-1.0.1.jar:/Users/vaibhavsavaliya/.m2/repository/com/google/guava/listenablefuture/9999.0-empty-to-avoid-conflict-with-guava/listenablefuture-9999.0-empty-to-avoid-conflict-with-guava.jar:/Users/vaibhavsavaliya/.m2/repository/org/checkerframework/checker-qual/3.12.0/checker-qual-3.12.0.jar:/Users/vaibhavsavaliya/.m2/repository/com/google/errorprone/error_prone_annotations/2.11.0/error_prone_annotations-2.11.0.jar:/Users/vaibhavsavaliya/.m2/repository/com/google/j2objc/j2objc-annotations/1.3/j2objc-annotations-1.3.jar:/Users/vaibhavsavaliya/.m2/repository/org/apache/santuario/xmlsec/2.3.4/xmlsec-2.3.4.jar:/Users/vaibhavsavaliya/.m2/repository/org/slf4j/slf4j-api/2.0.17/slf4j-api-2.0.17.jar:/Users/vaibhavsavaliya/.m2/repository/net/shibboleth/utilities/java-support/8.4.2/java-support-8.4.2.jar:/Users/vaibhavsavaliya/.m2/repository/org/opensaml/opensaml-saml-impl/4.3.2/opensaml-saml-impl-4.3.2.jar:/Users/vaibhavsavaliya/.m2/repository/org/opensaml/opensaml-security-impl/4.3.2/opensaml-security-impl-4.3.2.jar:/Users/vaibhavsavaliya/.m2/repository/org/opensaml/opensaml-soap-impl/4.3.2/opensaml-soap-impl-4.3.2.jar:/Users/vaibhavsavaliya/.m2/repository/org/opensaml/opensaml-storage-api/4.3.2/opensaml-storage-api-4.3.2.jar:/Users/vaibhavsavaliya/.m2/repository/org/opensaml/opensaml-xmlsec-impl/4.3.2/opensaml-xmlsec-impl-4.3.2.jar:/Users/vaibhavsavaliya/.m2/repository/io/dropwizard/metrics/metrics-core/4.2.25/metrics-core-4.2.25.jar:/Users/vaibhavsavaliya/.m2/repository/org/apache/velocity/velocity-engine-core/2.3/velocity-engine-core-2.3.jar:/Users/vaibhavsavaliya/.m2/repository/org/apache/commons/commons-lang3/3.17.0/commons-lang3-3.17.0.jar:/Users/vaibhavsavaliya/.m2/repository/org/apache/httpcomponents/httpclient/4.5.14/httpclient-4.5.14.jar:/Users/vaibhavsavaliya/.m2/repository/org/apache/httpcomponents/httpcore/4.4.16/httpcore-4.4.16.jar:/Users/vaibhavsavaliya/.m2/repository/org/projectlombok/lombok/1.18.38/lombok-1.18.38.jar:/Users/vaibhavsavaliya/.m2/repository/org/springframework/boot/spring-boot-starter-test/3.5.3/spring-boot-starter-test-3.5.3.jar:/Users/vaibhavsavaliya/.m2/repository/org/springframework/boot/spring-boot-test/3.5.3/spring-boot-test-3.5.3.jar:/Users/vaibhavsavaliya/.m2/repository/org/springframework/boot/spring-boot-test-autoconfigure/3.5.3/spring-boot-test-autoconfigure-3.5.3.jar:/Users/vaibhavsavaliya/.m2/repository/com/jayway/jsonpath/json-path/2.9.0/json-path-2.9.0.jar:/Users/vaibhavsavaliya/.m2/repository/jakarta/xml/bind/jakarta.xml.bind-api/4.0.2/jakarta.xml.bind-api-4.0.2.jar:/Users/vaibhavsavaliya/.m2/repository/net/minidev/json-smart/2.5.2/json-smart-2.5.2.jar:/Users/vaibhavsavaliya/.m2/repository/net/minidev/accessors-smart/2.5.2/accessors-smart-2.5.2.jar:/Users/vaibhavsavaliya/.m2/repository/org/ow2/asm/asm/9.7.1/asm-9.7.1.jar:/Users/vaibhavsavaliya/.m2/repository/org/assertj/assertj-core/3.27.3/assertj-core-3.27.3.jar:/Users/vaibhavsavaliya/.m2/repository/net/bytebuddy/byte-buddy/1.17.6/byte-buddy-1.17.6.jar:/Users/vaibhavsavaliya/.m2/repository/org/awaitility/awaitility/4.2.2/awaitility-4.2.2.jar:/Users/vaibhavsavaliya/.m2/repository/org/hamcrest/hamcrest/3.0/hamcrest-3.0.jar:/Users/vaibhavsavaliya/.m2/repository/org/junit/jupiter/junit-jupiter/5.12.2/junit-jupiter-5.12.2.jar:/Users/vaibhavsavaliya/.m2/repository/org/junit/jupiter/junit-jupiter-api/5.12.2/junit-jupiter-api-5.12.2.jar:/Users/vaibhavsavaliya/.m2/repository/org/opentest4j/opentest4j/1.3.0/opentest4j-1.3.0.jar:/Users/vaibhavsavaliya/.m2/repository/org/junit/platform/junit-platform-commons/1.12.2/junit-platform-commons-1.12.2.jar:/Users/vaibhavsavaliya/.m2/repository/org/apiguardian/apiguardian-api/1.1.2/apiguardian-api-1.1.2.jar:/Users/vaibhavsavaliya/.m2/repository/org/junit/jupiter/junit-jupiter-params/5.12.2/junit-jupiter-params-5.12.2.jar:/Users/vaibhavsavaliya/.m2/repository/org/junit/jupiter/junit-jupiter-engine/5.12.2/junit-jupiter-engine-5.12.2.jar:/Users/vaibhavsavaliya/.m2/repository/org/junit/platform/junit-platform-engine/1.12.2/junit-platform-engine-1.12.2.jar:/Users/vaibhavsavaliya/.m2/repository/org/mockito/mockito-core/5.17.0/mockito-core-5.17.0.jar:/Users/vaibhavsavaliya/.m2/repository/net/bytebuddy/byte-buddy-agent/1.17.6/byte-buddy-agent-1.17.6.jar:/Users/vaibhavsavaliya/.m2/repository/org/objenesis/objenesis/3.3/objenesis-3.3.jar:/Users/vaibhavsavaliya/.m2/repository/org/mockito/mockito-junit-jupiter/5.17.0/mockito-junit-jupiter-5.17.0.jar:/Users/vaibhavsavaliya/.m2/repository/org/skyscreamer/jsonassert/1.5.3/jsonassert-1.5.3.jar:/Users/vaibhavsavaliya/.m2/repository/com/vaadin/external/google/android-json/0.0.20131108.vaadin1/android-json-0.0.20131108.vaadin1.jar:/Users/vaibhavsavaliya/.m2/repository/org/springframework/spring-core/6.2.8/spring-core-6.2.8.jar:/Users/vaibhavsavaliya/.m2/repository/org/springframework/spring-jcl/6.2.8/spring-jcl-6.2.8.jar:/Users/vaibhavsavaliya/.m2/repository/org/springframework/spring-test/6.2.8/spring-test-6.2.8.jar:/Users/vaibhavsavaliya/.m2/repository/org/xmlunit/xmlunit-core/2.10.2/xmlunit-core-2.10.2.jar:/Users/vaibhavsavaliya/.m2/repository/org/springframework/security/spring-security-test/6.5.1/spring-security-test-6.5.1.jar:/Users/vaibhavsavaliya/.m2/repository/org/springframework/security/spring-security-core/6.5.1/spring-security-core-6.5.1.jar:/Users/vaibhavsavaliya/.m2/repository/org/springframework/security/spring-security-crypto/6.5.1/spring-security-crypto-6.5.1.jar:"/>
    <property name="java.vm.vendor" value="Amazon.com Inc."/>
    <property name="sun.arch.data.model" value="64"/>
    <property name="java.vendor.url" value="https://aws.amazon.com/corretto/"/>
    <property name="user.timezone" value="Asia/Kolkata"/>
    <property name="os.name" value="Mac OS X"/>
    <property name="java.vm.specification.version" value="21"/>
    <property name="APPLICATION_NAME" value="protech-sso"/>
    <property name="sun.java.launcher" value="SUN_STANDARD"/>
    <property name="user.country" value="GB"/>
    <property name="sun.boot.library.path" value="/Users/vaibhavsavaliya/Library/Java/JavaVirtualMachines/corretto-21.0.6/Contents/Home/lib"/>
    <property name="sun.java.command" value="/Users/vaibhavsavaliya/Documents/Projects/Spring-Test/protech-sso/target/surefire/surefirebooter-20250708152918207_3.jar /Users/vaibhavsavaliya/Documents/Projects/Spring-Test/protech-sso/target/surefire 2025-07-08T15-29-18_090-jvmRun1 surefire-20250708152918207_1tmp surefire_0-20250708152918207_2tmp"/>
    <property name="http.nonProxyHosts" value="local|*.local|169.254/16|*.169.254/16"/>
    <property name="jdk.debug" value="release"/>
    <property name="surefire.test.class.path" value="/Users/vaibhavsavaliya/Documents/Projects/Spring-Test/protech-sso/target/test-classes:/Users/vaibhavsavaliya/Documents/Projects/Spring-Test/protech-sso/target/classes:/Users/vaibhavsavaliya/.m2/repository/org/springframework/boot/spring-boot-starter-web-services/3.5.3/spring-boot-starter-web-services-3.5.3.jar:/Users/vaibhavsavaliya/.m2/repository/com/sun/xml/messaging/saaj/saaj-impl/3.0.4/saaj-impl-3.0.4.jar:/Users/vaibhavsavaliya/.m2/repository/jakarta/xml/soap/jakarta.xml.soap-api/3.0.2/jakarta.xml.soap-api-3.0.2.jar:/Users/vaibhavsavaliya/.m2/repository/org/jvnet/staxex/stax-ex/2.1.0/stax-ex-2.1.0.jar:/Users/vaibhavsavaliya/.m2/repository/jakarta/activation/jakarta.activation-api/2.1.3/jakarta.activation-api-2.1.3.jar:/Users/vaibhavsavaliya/.m2/repository/org/eclipse/angus/angus-activation/2.0.2/angus-activation-2.0.2.jar:/Users/vaibhavsavaliya/.m2/repository/jakarta/xml/ws/jakarta.xml.ws-api/4.0.2/jakarta.xml.ws-api-4.0.2.jar:/Users/vaibhavsavaliya/.m2/repository/org/springframework/spring-oxm/6.2.8/spring-oxm-6.2.8.jar:/Users/vaibhavsavaliya/.m2/repository/org/springframework/spring-beans/6.2.8/spring-beans-6.2.8.jar:/Users/vaibhavsavaliya/.m2/repository/org/springframework/ws/spring-ws-core/4.1.0/spring-ws-core-4.1.0.jar:/Users/vaibhavsavaliya/.m2/repository/org/springframework/ws/spring-xml/4.1.0/spring-xml-4.1.0.jar:/Users/vaibhavsavaliya/.m2/repository/org/glassfish/jaxb/jaxb-runtime/4.0.5/jaxb-runtime-4.0.5.jar:/Users/vaibhavsavaliya/.m2/repository/org/glassfish/jaxb/jaxb-core/4.0.5/jaxb-core-4.0.5.jar:/Users/vaibhavsavaliya/.m2/repository/org/glassfish/jaxb/txw2/4.0.5/txw2-4.0.5.jar:/Users/vaibhavsavaliya/.m2/repository/com/sun/istack/istack-commons-runtime/4.1.2/istack-commons-runtime-4.1.2.jar:/Users/vaibhavsavaliya/.m2/repository/org/springframework/boot/spring-boot-starter-security/3.5.3/spring-boot-starter-security-3.5.3.jar:/Users/vaibhavsavaliya/.m2/repository/org/springframework/boot/spring-boot-starter/3.5.3/spring-boot-starter-3.5.3.jar:/Users/vaibhavsavaliya/.m2/repository/org/springframework/boot/spring-boot/3.5.3/spring-boot-3.5.3.jar:/Users/vaibhavsavaliya/.m2/repository/org/springframework/boot/spring-boot-autoconfigure/3.5.3/spring-boot-autoconfigure-3.5.3.jar:/Users/vaibhavsavaliya/.m2/repository/org/springframework/boot/spring-boot-starter-logging/3.5.3/spring-boot-starter-logging-3.5.3.jar:/Users/vaibhavsavaliya/.m2/repository/ch/qos/logback/logback-classic/1.5.18/logback-classic-1.5.18.jar:/Users/vaibhavsavaliya/.m2/repository/ch/qos/logback/logback-core/1.5.18/logback-core-1.5.18.jar:/Users/vaibhavsavaliya/.m2/repository/org/apache/logging/log4j/log4j-to-slf4j/2.24.3/log4j-to-slf4j-2.24.3.jar:/Users/vaibhavsavaliya/.m2/repository/org/apache/logging/log4j/log4j-api/2.24.3/log4j-api-2.24.3.jar:/Users/vaibhavsavaliya/.m2/repository/org/slf4j/jul-to-slf4j/2.0.17/jul-to-slf4j-2.0.17.jar:/Users/vaibhavsavaliya/.m2/repository/jakarta/annotation/jakarta.annotation-api/2.1.1/jakarta.annotation-api-2.1.1.jar:/Users/vaibhavsavaliya/.m2/repository/org/yaml/snakeyaml/2.4/snakeyaml-2.4.jar:/Users/vaibhavsavaliya/.m2/repository/org/springframework/spring-aop/6.2.8/spring-aop-6.2.8.jar:/Users/vaibhavsavaliya/.m2/repository/org/springframework/security/spring-security-config/6.5.1/spring-security-config-6.5.1.jar:/Users/vaibhavsavaliya/.m2/repository/org/springframework/spring-context/6.2.8/spring-context-6.2.8.jar:/Users/vaibhavsavaliya/.m2/repository/org/springframework/security/spring-security-web/6.5.1/spring-security-web-6.5.1.jar:/Users/vaibhavsavaliya/.m2/repository/org/springframework/spring-expression/6.2.8/spring-expression-6.2.8.jar:/Users/vaibhavsavaliya/.m2/repository/org/springframework/boot/spring-boot-starter-web/3.5.3/spring-boot-starter-web-3.5.3.jar:/Users/vaibhavsavaliya/.m2/repository/org/springframework/boot/spring-boot-starter-json/3.5.3/spring-boot-starter-json-3.5.3.jar:/Users/vaibhavsavaliya/.m2/repository/com/fasterxml/jackson/core/jackson-databind/2.19.1/jackson-databind-2.19.1.jar:/Users/vaibhavsavaliya/.m2/repository/com/fasterxml/jackson/core/jackson-annotations/2.19.1/jackson-annotations-2.19.1.jar:/Users/vaibhavsavaliya/.m2/repository/com/fasterxml/jackson/core/jackson-core/2.19.1/jackson-core-2.19.1.jar:/Users/vaibhavsavaliya/.m2/repository/com/fasterxml/jackson/datatype/jackson-datatype-jdk8/2.19.1/jackson-datatype-jdk8-2.19.1.jar:/Users/vaibhavsavaliya/.m2/repository/com/fasterxml/jackson/datatype/jackson-datatype-jsr310/2.19.1/jackson-datatype-jsr310-2.19.1.jar:/Users/vaibhavsavaliya/.m2/repository/com/fasterxml/jackson/module/jackson-module-parameter-names/2.19.1/jackson-module-parameter-names-2.19.1.jar:/Users/vaibhavsavaliya/.m2/repository/org/springframework/boot/spring-boot-starter-tomcat/3.5.3/spring-boot-starter-tomcat-3.5.3.jar:/Users/vaibhavsavaliya/.m2/repository/org/apache/tomcat/embed/tomcat-embed-core/10.1.42/tomcat-embed-core-10.1.42.jar:/Users/vaibhavsavaliya/.m2/repository/org/apache/tomcat/embed/tomcat-embed-el/10.1.42/tomcat-embed-el-10.1.42.jar:/Users/vaibhavsavaliya/.m2/repository/org/apache/tomcat/embed/tomcat-embed-websocket/10.1.42/tomcat-embed-websocket-10.1.42.jar:/Users/vaibhavsavaliya/.m2/repository/org/springframework/spring-web/6.2.8/spring-web-6.2.8.jar:/Users/vaibhavsavaliya/.m2/repository/io/micrometer/micrometer-observation/1.15.1/micrometer-observation-1.15.1.jar:/Users/vaibhavsavaliya/.m2/repository/io/micrometer/micrometer-commons/1.15.1/micrometer-commons-1.15.1.jar:/Users/vaibhavsavaliya/.m2/repository/org/springframework/spring-webmvc/6.2.8/spring-webmvc-6.2.8.jar:/Users/vaibhavsavaliya/.m2/repository/org/springframework/security/spring-security-saml2-service-provider/6.5.1/spring-security-saml2-service-provider-6.5.1.jar:/Users/vaibhavsavaliya/.m2/repository/org/opensaml/opensaml-saml-api/4.3.2/opensaml-saml-api-4.3.2.jar:/Users/vaibhavsavaliya/.m2/repository/org/opensaml/opensaml-core/4.3.2/opensaml-core-4.3.2.jar:/Users/vaibhavsavaliya/.m2/repository/org/opensaml/opensaml-messaging-api/4.3.2/opensaml-messaging-api-4.3.2.jar:/Users/vaibhavsavaliya/.m2/repository/org/opensaml/opensaml-profile-api/4.3.2/opensaml-profile-api-4.3.2.jar:/Users/vaibhavsavaliya/.m2/repository/org/opensaml/opensaml-security-api/4.3.2/opensaml-security-api-4.3.2.jar:/Users/vaibhavsavaliya/.m2/repository/org/cryptacular/cryptacular/1.2.5/cryptacular-1.2.5.jar:/Users/vaibhavsavaliya/.m2/repository/org/bouncycastle/bcprov-jdk18on/1.72/bcprov-jdk18on-1.72.jar:/Users/vaibhavsavaliya/.m2/repository/org/bouncycastle/bcpkix-jdk18on/1.72/bcpkix-jdk18on-1.72.jar:/Users/vaibhavsavaliya/.m2/repository/org/bouncycastle/bcutil-jdk18on/1.72/bcutil-jdk18on-1.72.jar:/Users/vaibhavsavaliya/.m2/repository/org/opensaml/opensaml-soap-api/4.3.2/opensaml-soap-api-4.3.2.jar:/Users/vaibhavsavaliya/.m2/repository/org/opensaml/opensaml-xmlsec-api/4.3.2/opensaml-xmlsec-api-4.3.2.jar:/Users/vaibhavsavaliya/.m2/repository/commons-codec/commons-codec/1.18.0/commons-codec-1.18.0.jar:/Users/vaibhavsavaliya/.m2/repository/com/google/code/findbugs/jsr305/3.0.2/jsr305-3.0.2.jar:/Users/vaibhavsavaliya/.m2/repository/com/google/guava/guava/31.1-jre/guava-31.1-jre.jar:/Users/vaibhavsavaliya/.m2/repository/com/google/guava/failureaccess/1.0.1/failureaccess-1.0.1.jar:/Users/vaibhavsavaliya/.m2/repository/com/google/guava/listenablefuture/9999.0-empty-to-avoid-conflict-with-guava/listenablefuture-9999.0-empty-to-avoid-conflict-with-guava.jar:/Users/vaibhavsavaliya/.m2/repository/org/checkerframework/checker-qual/3.12.0/checker-qual-3.12.0.jar:/Users/vaibhavsavaliya/.m2/repository/com/google/errorprone/error_prone_annotations/2.11.0/error_prone_annotations-2.11.0.jar:/Users/vaibhavsavaliya/.m2/repository/com/google/j2objc/j2objc-annotations/1.3/j2objc-annotations-1.3.jar:/Users/vaibhavsavaliya/.m2/repository/org/apache/santuario/xmlsec/2.3.4/xmlsec-2.3.4.jar:/Users/vaibhavsavaliya/.m2/repository/org/slf4j/slf4j-api/2.0.17/slf4j-api-2.0.17.jar:/Users/vaibhavsavaliya/.m2/repository/net/shibboleth/utilities/java-support/8.4.2/java-support-8.4.2.jar:/Users/vaibhavsavaliya/.m2/repository/org/opensaml/opensaml-saml-impl/4.3.2/opensaml-saml-impl-4.3.2.jar:/Users/vaibhavsavaliya/.m2/repository/org/opensaml/opensaml-security-impl/4.3.2/opensaml-security-impl-4.3.2.jar:/Users/vaibhavsavaliya/.m2/repository/org/opensaml/opensaml-soap-impl/4.3.2/opensaml-soap-impl-4.3.2.jar:/Users/vaibhavsavaliya/.m2/repository/org/opensaml/opensaml-storage-api/4.3.2/opensaml-storage-api-4.3.2.jar:/Users/vaibhavsavaliya/.m2/repository/org/opensaml/opensaml-xmlsec-impl/4.3.2/opensaml-xmlsec-impl-4.3.2.jar:/Users/vaibhavsavaliya/.m2/repository/io/dropwizard/metrics/metrics-core/4.2.25/metrics-core-4.2.25.jar:/Users/vaibhavsavaliya/.m2/repository/org/apache/velocity/velocity-engine-core/2.3/velocity-engine-core-2.3.jar:/Users/vaibhavsavaliya/.m2/repository/org/apache/commons/commons-lang3/3.17.0/commons-lang3-3.17.0.jar:/Users/vaibhavsavaliya/.m2/repository/org/apache/httpcomponents/httpclient/4.5.14/httpclient-4.5.14.jar:/Users/vaibhavsavaliya/.m2/repository/org/apache/httpcomponents/httpcore/4.4.16/httpcore-4.4.16.jar:/Users/vaibhavsavaliya/.m2/repository/org/projectlombok/lombok/1.18.38/lombok-1.18.38.jar:/Users/vaibhavsavaliya/.m2/repository/org/springframework/boot/spring-boot-starter-test/3.5.3/spring-boot-starter-test-3.5.3.jar:/Users/vaibhavsavaliya/.m2/repository/org/springframework/boot/spring-boot-test/3.5.3/spring-boot-test-3.5.3.jar:/Users/vaibhavsavaliya/.m2/repository/org/springframework/boot/spring-boot-test-autoconfigure/3.5.3/spring-boot-test-autoconfigure-3.5.3.jar:/Users/vaibhavsavaliya/.m2/repository/com/jayway/jsonpath/json-path/2.9.0/json-path-2.9.0.jar:/Users/vaibhavsavaliya/.m2/repository/jakarta/xml/bind/jakarta.xml.bind-api/4.0.2/jakarta.xml.bind-api-4.0.2.jar:/Users/vaibhavsavaliya/.m2/repository/net/minidev/json-smart/2.5.2/json-smart-2.5.2.jar:/Users/vaibhavsavaliya/.m2/repository/net/minidev/accessors-smart/2.5.2/accessors-smart-2.5.2.jar:/Users/vaibhavsavaliya/.m2/repository/org/ow2/asm/asm/9.7.1/asm-9.7.1.jar:/Users/vaibhavsavaliya/.m2/repository/org/assertj/assertj-core/3.27.3/assertj-core-3.27.3.jar:/Users/vaibhavsavaliya/.m2/repository/net/bytebuddy/byte-buddy/1.17.6/byte-buddy-1.17.6.jar:/Users/vaibhavsavaliya/.m2/repository/org/awaitility/awaitility/4.2.2/awaitility-4.2.2.jar:/Users/vaibhavsavaliya/.m2/repository/org/hamcrest/hamcrest/3.0/hamcrest-3.0.jar:/Users/vaibhavsavaliya/.m2/repository/org/junit/jupiter/junit-jupiter/5.12.2/junit-jupiter-5.12.2.jar:/Users/vaibhavsavaliya/.m2/repository/org/junit/jupiter/junit-jupiter-api/5.12.2/junit-jupiter-api-5.12.2.jar:/Users/vaibhavsavaliya/.m2/repository/org/opentest4j/opentest4j/1.3.0/opentest4j-1.3.0.jar:/Users/vaibhavsavaliya/.m2/repository/org/junit/platform/junit-platform-commons/1.12.2/junit-platform-commons-1.12.2.jar:/Users/vaibhavsavaliya/.m2/repository/org/apiguardian/apiguardian-api/1.1.2/apiguardian-api-1.1.2.jar:/Users/vaibhavsavaliya/.m2/repository/org/junit/jupiter/junit-jupiter-params/5.12.2/junit-jupiter-params-5.12.2.jar:/Users/vaibhavsavaliya/.m2/repository/org/junit/jupiter/junit-jupiter-engine/5.12.2/junit-jupiter-engine-5.12.2.jar:/Users/vaibhavsavaliya/.m2/repository/org/junit/platform/junit-platform-engine/1.12.2/junit-platform-engine-1.12.2.jar:/Users/vaibhavsavaliya/.m2/repository/org/mockito/mockito-core/5.17.0/mockito-core-5.17.0.jar:/Users/vaibhavsavaliya/.m2/repository/net/bytebuddy/byte-buddy-agent/1.17.6/byte-buddy-agent-1.17.6.jar:/Users/vaibhavsavaliya/.m2/repository/org/objenesis/objenesis/3.3/objenesis-3.3.jar:/Users/vaibhavsavaliya/.m2/repository/org/mockito/mockito-junit-jupiter/5.17.0/mockito-junit-jupiter-5.17.0.jar:/Users/vaibhavsavaliya/.m2/repository/org/skyscreamer/jsonassert/1.5.3/jsonassert-1.5.3.jar:/Users/vaibhavsavaliya/.m2/repository/com/vaadin/external/google/android-json/0.0.20131108.vaadin1/android-json-0.0.20131108.vaadin1.jar:/Users/vaibhavsavaliya/.m2/repository/org/springframework/spring-core/6.2.8/spring-core-6.2.8.jar:/Users/vaibhavsavaliya/.m2/repository/org/springframework/spring-jcl/6.2.8/spring-jcl-6.2.8.jar:/Users/vaibhavsavaliya/.m2/repository/org/springframework/spring-test/6.2.8/spring-test-6.2.8.jar:/Users/vaibhavsavaliya/.m2/repository/org/xmlunit/xmlunit-core/2.10.2/xmlunit-core-2.10.2.jar:/Users/vaibhavsavaliya/.m2/repository/org/springframework/security/spring-security-test/6.5.1/spring-security-test-6.5.1.jar:/Users/vaibhavsavaliya/.m2/repository/org/springframework/security/spring-security-core/6.5.1/spring-security-core-6.5.1.jar:/Users/vaibhavsavaliya/.m2/repository/org/springframework/security/spring-security-crypto/6.5.1/spring-security-crypto-6.5.1.jar:"/>
    <property name="sun.cpu.endian" value="little"/>
    <property name="user.home" value="/Users/vaibhavsavaliya"/>
    <property name="user.language" value="en"/>
    <property name="java.specification.vendor" value="Oracle Corporation"/>
    <property name="java.version.date" value="2025-01-21"/>
    <property name="java.home" value="/Users/vaibhavsavaliya/Library/Java/JavaVirtualMachines/corretto-21.0.6/Contents/Home"/>
    <property name="file.separator" value="/"/>
    <property name="basedir" value="/Users/vaibhavsavaliya/Documents/Projects/Spring-Test/protech-sso"/>
    <property name="java.vm.compressedOopsMode" value="Zero based"/>
    <property name="line.separator" value="&#10;"/>
    <property name="java.vm.specification.vendor" value="Oracle Corporation"/>
    <property name="java.specification.name" value="Java Platform API Specification"/>
    <property name="FILE_LOG_CHARSET" value="UTF-8"/>
    <property name="java.awt.headless" value="true"/>
    <property name="apple.awt.application.name" value="ForkedBooter"/>
    <property name="surefire.real.class.path" value="/Users/vaibhavsavaliya/Documents/Projects/Spring-Test/protech-sso/target/surefire/surefirebooter-20250708152918207_3.jar"/>
    <property name="sun.management.compiler" value="HotSpot 64-Bit Tiered Compilers"/>
    <property name="ftp.nonProxyHosts" value="local|*.local|169.254/16|*.169.254/16"/>
    <property name="java.runtime.version" value="21.0.6+7-LTS"/>
    <property name="user.name" value="vaibhavsavaliya"/>
    <property name="stdout.encoding" value="UTF-8"/>
    <property name="path.separator" value=":"/>
    <property name="os.version" value="12.7.6"/>
    <property name="java.runtime.name" value="OpenJDK Runtime Environment"/>
    <property name="file.encoding" value="UTF-8"/>
    <property name="java.vm.name" value="OpenJDK 64-Bit Server VM"/>
    <property name="java.vendor.version" value="Corretto-21.0.6.7.1"/>
    <property name="localRepository" value="/Users/vaibhavsavaliya/.m2/repository"/>
    <property name="java.vendor.url.bug" value="https://github.com/corretto/corretto-21/issues/"/>
    <property name="java.io.tmpdir" value="/var/folders/7p/g0nms9c91w50nr0tpcf00ptm0000gn/T/"/>
    <property name="idea.version" value="2023.3.3"/>
    <property name="java.version" value="21.0.6"/>
    <property name="user.dir" value="/Users/vaibhavsavaliya/Documents/Projects/Spring-Test/protech-sso"/>
    <property name="os.arch" value="x86_64"/>
    <property name="java.vm.specification.name" value="Java Virtual Machine Specification"/>
    <property name="PID" value="5590"/>
    <property name="CONSOLE_LOG_CHARSET" value="UTF-8"/>
    <property name="native.encoding" value="UTF-8"/>
    <property name="java.library.path" value="/Users/vaibhavsavaliya/Library/Java/Extensions:/Library/Java/Extensions:/Network/Library/Java/Extensions:/System/Library/Java/Extensions:/usr/lib/java:."/>
    <property name="java.vm.info" value="mixed mode, sharing"/>
    <property name="stderr.encoding" value="UTF-8"/>
    <property name="java.vendor" value="Amazon.com Inc."/>
    <property name="java.vm.version" value="21.0.6+7-LTS"/>
    <property name="sun.io.unicode.encoding" value="UnicodeBig"/>
    <property name="socksNonProxyHosts" value="local|*.local|169.254/16|*.169.254/16"/>
    <property name="java.class.version" value="65.0"/>
    <property name="LOGGED_APPLICATION_NAME" value="[protech-sso] "/>
  </properties>
  <testcase name="contextLoads" classname="com.example.protech_sso.ProtechSsoApplicationTests" time="0.729">
    <system-out><![CDATA[15:29:19.069 [main] INFO org.springframework.test.context.support.AnnotationConfigContextLoaderUtils -- Could not detect default configuration classes for test class [com.example.protech_sso.ProtechSsoApplicationTests]: ProtechSsoApplicationTests does not declare any static, non-private, non-final, nested classes annotated with @Configuration.
15:29:19.194 [main] INFO org.springframework.boot.test.context.SpringBootTestContextBootstrapper -- Found @SpringBootConfiguration com.example.protech_sso.ProtechSsoApplication for test class com.example.protech_sso.ProtechSsoApplicationTests

  .   ____          _            __ _ _
 /\\ / ___'_ __ _ _(_)_ __  __ _ \ \ \ \
( ( )\___ | '_ | '_| | '_ \/ _` | \ \ \ \
 \\/  ___)| |_)| | | | | || (_| |  ) ) ) )
  '  |____| .__|_| |_|_| |_\__, | / / / /
 =========|_|==============|___/=/_/_/_/

 :: Spring Boot ::                (v3.5.3)

2025-07-08T15:29:19.691+05:30  INFO 5590 --- [protech-sso] [           main] c.e.p.ProtechSsoApplicationTests         : Starting ProtechSsoApplicationTests using Java 21.0.6 with PID 5590 (started by vaibhavsavaliya in /Users/vaibhavsavaliya/Documents/Projects/Spring-Test/protech-sso)
2025-07-08T15:29:19.692+05:30  INFO 5590 --- [protech-sso] [           main] c.e.p.ProtechSsoApplicationTests         : No active profile set, falling back to 1 default profile: "default"
2025-07-08T15:29:20.721+05:30  INFO 5590 --- [protech-sso] [           main] o.s.ws.soap.saaj.SaajSoapMessageFactory  : Creating SAAJ 1.3 MessageFactory with SOAP 1.1 Protocol
SecurityConfig Executed
2025-07-08T15:29:21.772+05:30  INFO 5590 --- [protech-sso] [           main] .w.s.a.s.AnnotationActionEndpointMapping : Supporting [WS-Addressing August 2004, WS-Addressing 1.0]
2025-07-08T15:29:21.815+05:30  INFO 5590 --- [protech-sso] [           main] c.e.p.ProtechSsoApplicationTests         : Started ProtechSsoApplicationTests in 2.464 seconds (process running for 3.527)
]]></system-out>
    <system-err><![CDATA[Mockito is currently self-attaching to enable the inline-mock-maker. This will no longer work in future releases of the JDK. Please add Mockito as an agent to your build as described in Mockito's documentation: https://javadoc.io/doc/org.mockito/mockito-core/latest/org.mockito/org/mockito/Mockito.html#0.3
WARNING: A Java agent has been loaded dynamically (/Users/vaibhavsavaliya/.m2/repository/net/bytebuddy/byte-buddy-agent/1.17.6/byte-buddy-agent-1.17.6.jar)
WARNING: If a serviceability tool is in use, please run with -XX:+EnableDynamicAgentLoading to hide this warning
WARNING: If a serviceability tool is not in use, please run with -Djdk.instrument.traceUsage for more information
WARNING: Dynamic loading of agents will be disallowed by default in a future release
]]></system-err>
  </testcase>
</testsuite>